Arguments: 
  C:\Program Files\nodejs\node.exe C:\Program Files (x86)\Yarn\bin\yarn.js install

PATH: 
  C:\Users\Administrator.QFIKMLWSH26S7UH.001\bin;C:\Program Files\Git\mingw64\bin;C:\Program Files\Git\usr\local\bin;C:\Program Files\Git\usr\bin;C:\Program Files\Git\usr\bin;C:\Program Files\Git\mingw64\bin;C:\Program Files\Git\usr\bin;C:\Users\Administrator.QFIKMLWSH26S7UH.001\bin;C:\Program Files (x86)\NVIDIA Corporation\PhysX\Common;C:\ProgramData\Oracle\Java\javapath;C:\Program Files (x86)\Intel\iCLS Client;C:\Program Files\Intel\iCLS Client;C:\Program Files (x86)\AMD APP\bin\x86_64;C:\Program Files (x86)\AMD APP\bin\x86;C:\Windows\system32;C:\Windows;C:\Windows\System32\Wbem;C:\Windows\System32\WindowsPowerShell\v1.0;C:\Program Files (x86)\ATI Technologies\ATI.ACE\Core-Static;C:\Program Files\Intel\Intel(R) Management Engine Components\DAL;C:\Program Files\Intel\Intel(R) Management Engine Components\IPT;C:\Program Files (x86)\Intel\Intel(R) Management Engine Components\DAL;C:\Program Files (x86)\Intel\Intel(R) Management Engine Components\IPT;C:\Program Files (x86)\Common Files\Ulead Systems\MPEG;C:\Program Files (x86)\Microsoft SQL Server\110\Tools\Binn;C:\Program Files\Microsoft SQL Server\110\Tools\Binn;C:\Program Files\Microsoft SQL Server\110\DTS\Binn;C:\Program Files (x86)\Microsoft SQL Server\110\Tools\Binn\ManagementStudio;C:\Program Files (x86)\Microsoft Visual Studio 10.0\Common7\IDE\PrivateAssemblies;C:\Program Files (x86)\Microsoft SQL Server\110\DTS\Binn;C:\Program Files\Microsoft SQL Server\130\Tools\Binn;C:\Program Files\dotnet;C:\Program Files\Git\cmd;C:\Go\bin;C:\Program Files (x86)\Windows Kits\8.1\Windows Performance Toolkit;C:\Program Files (x86)\Microsoft SDKs\TypeScript\1.0;C:\Program Files\Microsoft SQL Server\120\Tools\Binn;C:\wamp64\bin\php\php5.6.31 .;C:\Python27;C:\Python27\Scripts;C:\TDM-GCC-32\bin;C:\xampp1\php;C:\ProgramData\ComposerSetup\bin;C:\TDM-GCC-64\bin;C:\xampp\php;C:\Program Files\nodejs;C:\Program Files\MongoDB\Server\3.6\bin;C:\Program Files\PuTTY;C:\Program Files (x86)\Yarn\bin;C:\Program Files (x86)\Microsoft VS Code\bin;C:\chromedriver.exe;C:\geckodriver.exe;C:\Users\Administrator.QFIKMLWSH26S7UH.001\AppData\Roaming\Composer\vendor\bin;C:\xampp\php;C:\Users\Administrator.QFIKMLWSH26S7UH.001\AppData\Roaming\npm;C:\Users\Administrator.QFIKMLWSH26S7UH.001\AppData\Local\Yarn\bin;C:\Program Files\Git\usr\bin\vendor_perl;C:\Program Files\Git\usr\bin\core_perl

Yarn version: 
  1.7.0

Node version: 
  8.9.4

Platform: 
  win32 x64

Trace: 
  Error: https://registry.yarnpkg.com/caniuse-lite/-/caniuse-lite-1.0.30000844.tgz: ESOCKETTIMEDOUT
      at ClientRequest.<anonymous> (C:\Program Files (x86)\Yarn\lib\cli.js:135306:19)
      at Object.onceWrapper (events.js:313:30)
      at emitNone (events.js:106:13)
      at ClientRequest.emit (events.js:208:7)
      at TLSSocket.emitTimeout (_http_client.js:708:34)
      at Object.onceWrapper (events.js:313:30)
      at emitNone (events.js:106:13)
      at TLSSocket.emit (events.js:208:7)
      at TLSSocket.Socket._onTimeout (net.js:407:8)
      at ontimeout (timers.js:475:11)

npm manifest: 
  {
    "name": "truffle-init-webpack",
    "version": "0.0.2",
    "description": "Frontend example using truffle v3",
    "scripts": {
      "lint": "eslint ./",
      "build": "webpack",
      "dev": "webpack-dev-server"
    },
    "author": "Douglas von Kohorn",
    "license": "MIT",
    "devDependencies": {
      "babel-cli": "^6.22.2",
      "babel-core": "^6.22.1",
      "babel-eslint": "^6.1.2",
      "babel-loader": "^6.2.10",
      "babel-plugin-transform-runtime": "^6.22.0",
      "babel-preset-env": "^1.1.8",
      "babel-preset-es2015": "^6.22.0",
      "babel-register": "^6.22.0",
      "copy-webpack-plugin": "^4.0.1",
      "css-loader": "^0.26.1",
      "eslint": "^3.14.0",
      "eslint-config-standard": "^6.0.0",
      "eslint-plugin-babel": "^4.0.0",
      "eslint-plugin-mocha": "^4.8.0",
      "eslint-plugin-promise": "^3.0.0",
      "eslint-plugin-standard": "^2.0.0",
      "html-webpack-plugin": "^2.28.0",
      "json-loader": "^0.5.4",
      "style-loader": "^0.13.1",
      "truffle-contract": "^1.1.11",
      "web3": "^0.20.0",
      "webpack": "^2.2.1",
      "webpack-dev-server": "^2.3.0"
    }
  }

yarn manifest: 
  No manifest

Lockfile: 
  No lockfile
